[0.082s] DEBUG:colcon:Command line arguments: ['/usr/bin/colcon', 'list', '-p', '--base-paths', '/home/jack/Documents/School/Thesis/Thesis/MS-Thesis/Quadruped_ROS']
[0.082s] DEBUG:colcon:Parsed command line arguments: Namespace(log_base=None, log_level=None, verb_name='list', build_base='build', ignore_user_meta=False, metas=['./colcon.meta'], base_paths=['/home/jack/Documents/School/Thesis/Thesis/MS-Thesis/Quadruped_ROS'], packages_ignore=None, packages_ignore_regex=None, paths=None, packages_up_to=None, packages_up_to_regex=None, packages_above=None, packages_above_and_dependencies=None, packages_above_depth=None, packages_select_by_dep=None, packages_skip_by_dep=None, packages_skip_up_to=None, packages_select_build_failed=False, packages_skip_build_finished=False, packages_select_test_failures=False, packages_skip_test_passed=False, packages_select=None, packages_skip=None, packages_select_regex=None, packages_skip_regex=None, packages_start=None, packages_end=None, allow_overriding=[], topological_order=False, names_only=False, paths_only=True, topological_graph=False, topological_graph_dot=False, topological_graph_density=False, topological_graph_legend=False, topological_graph_dot_cluster=False, topological_graph_dot_include_skipped=False, mixin_files=None, mixin=None, verb_parser=<colcon_mixin.mixin.mixin_argument.MixinArgumentDecorator object at 0x76843887e120>, verb_extension=<colcon_package_information.verb.list.ListVerb object at 0x76843887d3d0>, main=<bound method ListVerb.main of <colcon_package_information.verb.list.ListVerb object at 0x76843887d3d0>>, mixin_verb=('list',))
[0.112s] Level 1:colcon.colcon_core.package_discovery:discover_packages(colcon_meta) check parameters
[0.112s] Level 1:colcon.colcon_core.package_discovery:discover_packages(recursive) check parameters
[0.112s] Level 1:colcon.colcon_core.package_discovery:discover_packages(ignore) check parameters
[0.112s] Level 1:colcon.colcon_core.package_discovery:discover_packages(path) check parameters
[0.112s] Level 1:colcon.colcon_core.package_discovery:discover_packages(recursive) discover
[0.112s] INFO:colcon.colcon_core.package_discovery:Crawling recursively for packages in '/home/jack/Documents/School/Thesis/Thesis/MS-Thesis/Quadruped_ROS'
[0.112s] Level 1:colcon.colcon_core.package_identification:_identify(/home/jack/Documents/School/Thesis/Thesis/MS-Thesis/Quadruped_ROS) by extensions ['ignore', 'ignore_ament_install']
[0.112s] Level 1:colcon.colcon_core.package_identification:_identify(/home/jack/Documents/School/Thesis/Thesis/MS-Thesis/Quadruped_ROS) by extension 'ignore'
[0.112s] Level 1:colcon.colcon_core.package_identification:_identify(/home/jack/Documents/School/Thesis/Thesis/MS-Thesis/Quadruped_ROS) by extension 'ignore_ament_install'
[0.112s] Level 1:colcon.colcon_core.package_identification:_identify(/home/jack/Documents/School/Thesis/Thesis/MS-Thesis/Quadruped_ROS) by extensions ['colcon_pkg']
[0.112s] Level 1:colcon.colcon_core.package_identification:_identify(/home/jack/Documents/School/Thesis/Thesis/MS-Thesis/Quadruped_ROS) by extension 'colcon_pkg'
[0.112s] Level 1:colcon.colcon_core.package_identification:_identify(/home/jack/Documents/School/Thesis/Thesis/MS-Thesis/Quadruped_ROS) by extensions ['colcon_meta']
[0.112s] Level 1:colcon.colcon_core.package_identification:_identify(/home/jack/Documents/School/Thesis/Thesis/MS-Thesis/Quadruped_ROS) by extension 'colcon_meta'
[0.112s] Level 1:colcon.colcon_core.package_identification:_identify(/home/jack/Documents/School/Thesis/Thesis/MS-Thesis/Quadruped_ROS) by extensions ['ros']
[0.112s] Level 1:colcon.colcon_core.package_identification:_identify(/home/jack/Documents/School/Thesis/Thesis/MS-Thesis/Quadruped_ROS) by extension 'ros'
[0.135s] Level 1:colcon.colcon_core.package_identification:_identify(/home/jack/Documents/School/Thesis/Thesis/MS-Thesis/Quadruped_ROS) by extensions ['cmake', 'python']
[0.135s] Level 1:colcon.colcon_core.package_identification:_identify(/home/jack/Documents/School/Thesis/Thesis/MS-Thesis/Quadruped_ROS) by extension 'cmake'
[0.135s] Level 1:colcon.colcon_core.package_identification:_identify(/home/jack/Documents/School/Thesis/Thesis/MS-Thesis/Quadruped_ROS) by extension 'python'
[0.135s] Level 1:colcon.colcon_core.package_identification:_identify(/home/jack/Documents/School/Thesis/Thesis/MS-Thesis/Quadruped_ROS) by extensions ['python_setup_py']
[0.135s] Level 1:colcon.colcon_core.package_identification:_identify(/home/jack/Documents/School/Thesis/Thesis/MS-Thesis/Quadruped_ROS) by extension 'python_setup_py'
[0.135s] Level 1:colcon.colcon_core.package_identification:_identify(/home/jack/Documents/School/Thesis/Thesis/MS-Thesis/Quadruped_ROS/build) by extensions ['ignore', 'ignore_ament_install']
[0.135s] Level 1:colcon.colcon_core.package_identification:_identify(/home/jack/Documents/School/Thesis/Thesis/MS-Thesis/Quadruped_ROS/build) by extension 'ignore'
[0.135s] Level 1:colcon.colcon_core.package_identification:_identify(/home/jack/Documents/School/Thesis/Thesis/MS-Thesis/Quadruped_ROS/build) ignored
[0.136s] Level 1:colcon.colcon_core.package_identification:_identify(/home/jack/Documents/School/Thesis/Thesis/MS-Thesis/Quadruped_ROS/install) by extensions ['ignore', 'ignore_ament_install']
[0.136s] Level 1:colcon.colcon_core.package_identification:_identify(/home/jack/Documents/School/Thesis/Thesis/MS-Thesis/Quadruped_ROS/install) by extension 'ignore'
[0.136s] Level 1:colcon.colcon_core.package_identification:_identify(/home/jack/Documents/School/Thesis/Thesis/MS-Thesis/Quadruped_ROS/install) ignored
[0.136s] Level 1:colcon.colcon_core.package_identification:_identify(/home/jack/Documents/School/Thesis/Thesis/MS-Thesis/Quadruped_ROS/log) by extensions ['ignore', 'ignore_ament_install']
[0.136s] Level 1:colcon.colcon_core.package_identification:_identify(/home/jack/Documents/School/Thesis/Thesis/MS-Thesis/Quadruped_ROS/log) by extension 'ignore'
[0.136s] Level 1:colcon.colcon_core.package_identification:_identify(/home/jack/Documents/School/Thesis/Thesis/MS-Thesis/Quadruped_ROS/log) ignored
[0.136s] Level 1:colcon.colcon_core.package_identification:_identify(/home/jack/Documents/School/Thesis/Thesis/MS-Thesis/Quadruped_ROS/src) by extensions ['ignore', 'ignore_ament_install']
[0.136s] Level 1:colcon.colcon_core.package_identification:_identify(/home/jack/Documents/School/Thesis/Thesis/MS-Thesis/Quadruped_ROS/src) by extension 'ignore'
[0.136s] Level 1:colcon.colcon_core.package_identification:_identify(/home/jack/Documents/School/Thesis/Thesis/MS-Thesis/Quadruped_ROS/src) by extension 'ignore_ament_install'
[0.136s] Level 1:colcon.colcon_core.package_identification:_identify(/home/jack/Documents/School/Thesis/Thesis/MS-Thesis/Quadruped_ROS/src) by extensions ['colcon_pkg']
[0.136s] Level 1:colcon.colcon_core.package_identification:_identify(/home/jack/Documents/School/Thesis/Thesis/MS-Thesis/Quadruped_ROS/src) by extension 'colcon_pkg'
[0.136s] Level 1:colcon.colcon_core.package_identification:_identify(/home/jack/Documents/School/Thesis/Thesis/MS-Thesis/Quadruped_ROS/src) by extensions ['colcon_meta']
[0.136s] Level 1:colcon.colcon_core.package_identification:_identify(/home/jack/Documents/School/Thesis/Thesis/MS-Thesis/Quadruped_ROS/src) by extension 'colcon_meta'
[0.136s] Level 1:colcon.colcon_core.package_identification:_identify(/home/jack/Documents/School/Thesis/Thesis/MS-Thesis/Quadruped_ROS/src) by extensions ['ros']
[0.136s] Level 1:colcon.colcon_core.package_identification:_identify(/home/jack/Documents/School/Thesis/Thesis/MS-Thesis/Quadruped_ROS/src) by extension 'ros'
[0.136s] Level 1:colcon.colcon_core.package_identification:_identify(/home/jack/Documents/School/Thesis/Thesis/MS-Thesis/Quadruped_ROS/src) by extensions ['cmake', 'python']
[0.136s] Level 1:colcon.colcon_core.package_identification:_identify(/home/jack/Documents/School/Thesis/Thesis/MS-Thesis/Quadruped_ROS/src) by extension 'cmake'
[0.136s] Level 1:colcon.colcon_core.package_identification:_identify(/home/jack/Documents/School/Thesis/Thesis/MS-Thesis/Quadruped_ROS/src) by extension 'python'
[0.136s] Level 1:colcon.colcon_core.package_identification:_identify(/home/jack/Documents/School/Thesis/Thesis/MS-Thesis/Quadruped_ROS/src) by extensions ['python_setup_py']
[0.136s] Level 1:colcon.colcon_core.package_identification:_identify(/home/jack/Documents/School/Thesis/Thesis/MS-Thesis/Quadruped_ROS/src) by extension 'python_setup_py'
[0.136s] Level 1:colcon.colcon_core.package_identification:_identify(/home/jack/Documents/School/Thesis/Thesis/MS-Thesis/Quadruped_ROS/src/Quadruped_ROS) by extensions ['ignore', 'ignore_ament_install']
[0.136s] Level 1:colcon.colcon_core.package_identification:_identify(/home/jack/Documents/School/Thesis/Thesis/MS-Thesis/Quadruped_ROS/src/Quadruped_ROS) by extension 'ignore'
[0.137s] Level 1:colcon.colcon_core.package_identification:_identify(/home/jack/Documents/School/Thesis/Thesis/MS-Thesis/Quadruped_ROS/src/Quadruped_ROS) by extension 'ignore_ament_install'
[0.137s] Level 1:colcon.colcon_core.package_identification:_identify(/home/jack/Documents/School/Thesis/Thesis/MS-Thesis/Quadruped_ROS/src/Quadruped_ROS) by extensions ['colcon_pkg']
[0.137s] Level 1:colcon.colcon_core.package_identification:_identify(/home/jack/Documents/School/Thesis/Thesis/MS-Thesis/Quadruped_ROS/src/Quadruped_ROS) by extension 'colcon_pkg'
[0.137s] Level 1:colcon.colcon_core.package_identification:_identify(/home/jack/Documents/School/Thesis/Thesis/MS-Thesis/Quadruped_ROS/src/Quadruped_ROS) by extensions ['colcon_meta']
[0.137s] Level 1:colcon.colcon_core.package_identification:_identify(/home/jack/Documents/School/Thesis/Thesis/MS-Thesis/Quadruped_ROS/src/Quadruped_ROS) by extension 'colcon_meta'
[0.137s] Level 1:colcon.colcon_core.package_identification:_identify(/home/jack/Documents/School/Thesis/Thesis/MS-Thesis/Quadruped_ROS/src/Quadruped_ROS) by extensions ['ros']
[0.137s] Level 1:colcon.colcon_core.package_identification:_identify(/home/jack/Documents/School/Thesis/Thesis/MS-Thesis/Quadruped_ROS/src/Quadruped_ROS) by extension 'ros'
[0.139s] DEBUG:colcon.colcon_core.package_identification:Package '/home/jack/Documents/School/Thesis/Thesis/MS-Thesis/Quadruped_ROS/src/Quadruped_ROS' with type 'ros.ament_python' and name 'Quadruped_ROS'
[0.139s] Level 1:colcon.colcon_core.package_identification:_identify(/home/jack/Documents/School/Thesis/Thesis/MS-Thesis/Quadruped_ROS/src/msg) by extensions ['ignore', 'ignore_ament_install']
[0.139s] Level 1:colcon.colcon_core.package_identification:_identify(/home/jack/Documents/School/Thesis/Thesis/MS-Thesis/Quadruped_ROS/src/msg) by extension 'ignore'
[0.139s] Level 1:colcon.colcon_core.package_identification:_identify(/home/jack/Documents/School/Thesis/Thesis/MS-Thesis/Quadruped_ROS/src/msg) by extension 'ignore_ament_install'
[0.139s] Level 1:colcon.colcon_core.package_identification:_identify(/home/jack/Documents/School/Thesis/Thesis/MS-Thesis/Quadruped_ROS/src/msg) by extensions ['colcon_pkg']
[0.139s] Level 1:colcon.colcon_core.package_identification:_identify(/home/jack/Documents/School/Thesis/Thesis/MS-Thesis/Quadruped_ROS/src/msg) by extension 'colcon_pkg'
[0.139s] Level 1:colcon.colcon_core.package_identification:_identify(/home/jack/Documents/School/Thesis/Thesis/MS-Thesis/Quadruped_ROS/src/msg) by extensions ['colcon_meta']
[0.139s] Level 1:colcon.colcon_core.package_identification:_identify(/home/jack/Documents/School/Thesis/Thesis/MS-Thesis/Quadruped_ROS/src/msg) by extension 'colcon_meta'
[0.139s] Level 1:colcon.colcon_core.package_identification:_identify(/home/jack/Documents/School/Thesis/Thesis/MS-Thesis/Quadruped_ROS/src/msg) by extensions ['ros']
[0.139s] Level 1:colcon.colcon_core.package_identification:_identify(/home/jack/Documents/School/Thesis/Thesis/MS-Thesis/Quadruped_ROS/src/msg) by extension 'ros'
[0.139s] Level 1:colcon.colcon_core.package_identification:_identify(/home/jack/Documents/School/Thesis/Thesis/MS-Thesis/Quadruped_ROS/src/msg) by extensions ['cmake', 'python']
[0.139s] Level 1:colcon.colcon_core.package_identification:_identify(/home/jack/Documents/School/Thesis/Thesis/MS-Thesis/Quadruped_ROS/src/msg) by extension 'cmake'
[0.139s] Level 1:colcon.colcon_core.package_identification:_identify(/home/jack/Documents/School/Thesis/Thesis/MS-Thesis/Quadruped_ROS/src/msg) by extension 'python'
[0.139s] Level 1:colcon.colcon_core.package_identification:_identify(/home/jack/Documents/School/Thesis/Thesis/MS-Thesis/Quadruped_ROS/src/msg) by extensions ['python_setup_py']
[0.139s] Level 1:colcon.colcon_core.package_identification:_identify(/home/jack/Documents/School/Thesis/Thesis/MS-Thesis/Quadruped_ROS/src/msg) by extension 'python_setup_py'
[0.139s] Level 1:colcon.colcon_core.package_discovery:discover_packages(recursive) using defaults
